
Unigraphics NX V1980 / 2D Exchange

Reading part: C:\Users\ttoft\Downloads\prototype v1.4\prototype v1.4\Base.prt


Writing part: C:\Users\ttoft\AppData\Local\Temp\ttof16FC776Bbwlx.prt

Elapsed time   :    0 minutes,  1 seconds
Actual CPU Time:    0 minutes,  1 seconds

INFO-
INFO-		Unigraphics Version NX V1980 to AutoCAD 2004
INFO-		
INFO-
INFO-		Running UGTODXF Translator .....
INFO-
INFO-		Start of Translation: Mon Nov 29 11:24:09 2021
INFO-
STATUS-		Converting C:\Users\ttoft\AppData\Local\Temp\ttof16FC776Bbwlx.prt
STATUS-
SUMMARY-
SUMMARY-	Summary of Unigraphics Input Entities
SUMMARY-	For Unigraphics File: C:\Users\ttoft\AppData\Local\Temp\ttof16FC776Bbwlx.prt
SUMMARY-	------------------------------------------------------------------
SUMMARY-	Entity Type					Count
SUMMARY-	------------------------------------------------------------------
SUMMARY-	Conic ....................................:	12
SUMMARY-	------------------------------------------------------------------
SUMMARY-	Total ....................................:	12
SUMMARY-	------------------------------------------------------------------
SUMMARY-
STATUS-
INFO-
INFO-		Writing File: C:\Users\ttoft\Downloads\prototype v1.4\prototype v1.4\Base_1.dxf
SUMMARY-	Summary of AutoCAD Output Entities
SUMMARY-	------------------------------------------------------------------
SUMMARY-	Entity Type					Count
SUMMARY-	------------------------------------------------------------------
SUMMARY-	Ellipse ..................................:	12
SUMMARY-	Layout ...................................:	6
SUMMARY-	------------------------------------------------------------------
SUMMARY-	Total ....................................:	18
SUMMARY-	------------------------------------------------------------------
SUMMARY-
INFO-
INFO-		End of Translation: Mon Nov 29 11:24:09 2021
INFO-		Translation CPU time: 0 m, 0 sINFO-
