
Unigraphics NX V1980 / 2D Exchange

Reading part: C:\Users\ttoft\Downloads\Base.prt


Writing part: C:\Users\ttoft\AppData\Local\Temp\ttof16FC776Bbwmb.prt

Elapsed time   :    0 minutes,  0 seconds
Actual CPU Time:    0 minutes,  0 seconds

INFO-
INFO-		Unigraphics Version NX V1980 to AutoCAD 2004
INFO-		
INFO-
INFO-		Running UGTODXF Translator .....
INFO-
INFO-		Start of Translation: Mon Nov 29 11:25:28 2021
INFO-
STATUS-		Converting C:\Users\ttoft\AppData\Local\Temp\ttof16FC776Bbwmb.prt
STATUS-
SUMMARY-
SUMMARY-	Summary of Unigraphics Input Entities
SUMMARY-	For Unigraphics File: C:\Users\ttoft\AppData\Local\Temp\ttof16FC776Bbwmb.prt
SUMMARY-	------------------------------------------------------------------
SUMMARY-	Entity Type					Count
SUMMARY-	------------------------------------------------------------------
SUMMARY-	Line .....................................:	30
SUMMARY-	Arc ......................................:	13
SUMMARY-	Circle ...................................:	55
SUMMARY-	------------------------------------------------------------------
SUMMARY-	Total ....................................:	98
SUMMARY-	------------------------------------------------------------------
SUMMARY-
STATUS-
INFO-
INFO-		Writing File: C:\Users\ttoft\Downloads\prototype v1.4\prototype v1.4\Base_2.dxf
SUMMARY-	Summary of AutoCAD Output Entities
SUMMARY-	------------------------------------------------------------------
SUMMARY-	Entity Type					Count
SUMMARY-	------------------------------------------------------------------
SUMMARY-	Arc ......................................:	13
SUMMARY-	Circle ...................................:	55
SUMMARY-	Line .....................................:	30
SUMMARY-	Layout ...................................:	6
SUMMARY-	------------------------------------------------------------------
SUMMARY-	Total ....................................:	104
SUMMARY-	------------------------------------------------------------------
SUMMARY-
INFO-
INFO-		End of Translation: Mon Nov 29 11:25:29 2021
INFO-		Translation CPU time: 0 m, 0 sINFO-
